2023-12-12 11:04:12,023 INFO client.RMProxy: Connecting to ResourceManager at /0.0.0.0:8032
2023-12-12 11:04:12,154 INFO client.RMProxy: Connecting to ResourceManager at /0.0.0.0:8032
2023-12-12 11:04:12,357 INFO mapreduce.JobResourceUploader: Disabling Erasure Coding for path: /tmp/hadoop-yarn/staging/ubuntu/.staging/job_1702376335108_0002
2023-12-12 11:04:12,583 INFO mapred.FileInputFormat: Total input files to process : 7
2023-12-12 11:04:12,644 INFO mapreduce.JobSubmitter: number of splits:7
2023-12-12 11:04:12,805 INFO mapreduce.JobSubmitter: Submitting tokens for job: job_1702376335108_0002
2023-12-12 11:04:12,806 INFO mapreduce.JobSubmitter: Executing with tokens: []
2023-12-12 11:04:12,917 INFO conf.Configuration: resource-types.xml not found
2023-12-12 11:04:12,917 INFO resource.ResourceUtils: Unable to find 'resource-types.xml'.
2023-12-12 11:04:12,961 INFO impl.YarnClientImpl: Submitted application application_1702376335108_0002
2023-12-12 11:04:12,986 INFO mapreduce.Job: The url to track the job: http://localhost:8088/proxy/application_1702376335108_0002/
2023-12-12 11:04:12,987 INFO mapreduce.Job: Running job: job_1702376335108_0002
2023-12-12 11:04:17,055 INFO mapreduce.Job: Job job_1702376335108_0002 running in uber mode : false
2023-12-12 11:04:17,056 INFO mapreduce.Job:  map 0% reduce 0%
2023-12-12 11:04:23,134 INFO mapreduce.Job:  map 86% reduce 0%
2023-12-12 11:04:25,147 INFO mapreduce.Job:  map 100% reduce 0%
2023-12-12 11:04:28,157 INFO mapreduce.Job:  map 100% reduce 100%
2023-12-12 11:04:28,162 INFO mapreduce.Job: Job job_1702376335108_0002 completed successfully
2023-12-12 11:04:28,223 INFO mapreduce.Job: Counters: 54
	File System Counters
		FILE: Number of bytes read=5550040
		FILE: Number of bytes written=13009189
		FILE: Number of read operations=0
		FILE: Number of large read operations=0
		FILE: Number of write operations=0
		HDFS: Number of bytes read=12914644
		HDFS: Number of bytes written=642476
		HDFS: Number of read operations=26
		HDFS: Number of large read operations=0
		HDFS: Number of write operations=2
		HDFS: Number of bytes read erasure-coded=0
	Job Counters 
		Launched map tasks=7
		Launched reduce tasks=1
		Data-local map tasks=7
		Total time spent by all maps in occupied slots (ms)=20351
		Total time spent by all reduces in occupied slots (ms)=2226
		Total time spent by all map tasks (ms)=20351
		Total time spent by all reduce tasks (ms)=2226
		Total vcore-milliseconds taken by all map tasks=20351
		Total vcore-milliseconds taken by all reduce tasks=2226
		Total megabyte-milliseconds taken by all map tasks=20839424
		Total megabyte-milliseconds taken by all reduce tasks=2279424
	Map-Reduce Framework
		Map input records=35371
		Map output records=538568
		Map output bytes=4472896
		Map output materialized bytes=5550076
		Input split bytes=819
		Combine input records=0
		Combine output records=0
		Reduce input groups=47090
		Reduce shuffle bytes=5550076
		Reduce input records=538568
		Reduce output records=47090
		Spilled Records=1077136
		Shuffled Maps =7
		Failed Shuffles=0
		Merged Map outputs=7
		GC time elapsed (ms)=894
		CPU time spent (ms)=8100
		Physical memory (bytes) snapshot=2652147712
		Virtual memory (bytes) snapshot=20616183808
		Total committed heap usage (bytes)=3393716224
		Peak Map Physical memory (bytes)=358264832
		Peak Map Virtual memory (bytes)=2582315008
		Peak Reduce Physical memory (bytes)=275472384
		Peak Reduce Virtual memory (bytes)=2582466560
	Shuffle Errors
		BAD_ID=0
		CONNECTION=0
		IO_ERROR=0
		WRONG_LENGTH=0
		WRONG_MAP=0
		WRONG_REDUCE=0
	File Input Format Counters 
		Bytes Read=12913825
	File Output Format Counters 
		Bytes Written=642476
2023-12-12 11:04:28,224 INFO streaming.StreamJob: Output directory: output
